<?xml version="1.0" encoding="UTF-8"?>
<!-- Generated by org.testng.reporters.JUnitXMLReporter -->
<testsuite ignored="7" hostname="COOLLAPTOP" failures="0" tests="1" name="Default test" time="2.529" errors="0" timestamp="2024-11-24T18:41:03 EST">
  <testcase classname="GithubTests.Github_Tests" name="TestCase3" time="2.495"/>
  <testcase classname="GithubTests.Github_Tests" name="TestCase8" time="0.0">
    <ignored/>
  </testcase> <!-- TestCase8 -->
  <testcase classname="GithubTests.Github_Tests" name="TestCase2" time="0.0">
    <ignored/>
  </testcase> <!-- TestCase2 -->
  <testcase classname="GithubTests.Github_Tests" name="TestCase5" time="0.0">
    <ignored/>
  </testcase> <!-- TestCase5 -->
  <testcase classname="GithubTests.Github_Tests" name="TestCase7" time="0.0">
    <ignored/>
  </testcase> <!-- TestCase7 -->
  <testcase classname="GithubTests.Github_Tests" name="TestCase6" time="0.0">
    <ignored/>
  </testcase> <!-- TestCase6 -->
  <testcase classname="GithubTests.Github_Tests" name="TestCase4" time="0.0">
    <ignored/>
  </testcase> <!-- TestCase4 -->
  <testcase classname="GithubTests.Github_Tests" name="TestCase1" time="0.0">
    <ignored/>
  </testcase> <!-- TestCase1 -->
</testsuite> <!-- Default test -->
