<?xml version="1.0" encoding="UTF-8"?>
<!-- Generated by org.testng.reporters.JUnitXMLReporter -->
<testsuite ignored="7" hostname="COOLLAPTOP" failures="0" tests="1" name="Default test" time="4.257" errors="0" timestamp="2024-12-03T14:54:34 EST">
  <testcase classname="GithubTests.Github_Tests" name="TestCase1" time="4.185"/>
  <testcase classname="GithubTests.Github_Tests" name="TestCase8" time="0.0">
    <ignored/>
  </testcase> <!-- TestCase8 -->
  <testcase classname="GithubTests.Github_Tests" name="TestCase3" time="0.0">
    <ignored/>
  </testcase> <!-- TestCase3 -->
  <testcase classname="GithubTests.Github_Tests" name="TestCase2" time="0.0">
    <ignored/>
  </testcase> <!-- TestCase2 -->
  <testcase classname="GithubTests.Github_Tests" name="TestCase5" time="0.0">
    <ignored/>
  </testcase> <!-- TestCase5 -->
  <testcase classname="GithubTests.Github_Tests" name="TestCase7" time="0.0">
    <ignored/>
  </testcase> <!-- TestCase7 -->
  <testcase classname="GithubTests.Github_Tests" name="TestCase6" time="0.0">
    <ignored/>
  </testcase> <!-- TestCase6 -->
  <testcase classname="GithubTests.Github_Tests" name="TestCase4" time="0.0">
    <ignored/>
  </testcase> <!-- TestCase4 -->
</testsuite> <!-- Default test -->
