<?xml version="1.0" encoding="UTF-8"?>
<testng-results ignored="7" total="8" passed="1" failed="0" skipped="0">
  <reporter-output>
  </reporter-output>
  <suite started-at="2024-11-24T18:41:00 EST" name="Default suite" finished-at="2024-11-24T18:41:02 EST" duration-ms="2529">
    <groups>
    </groups>
    <test started-at="2024-11-24T18:41:00 EST" name="Default test" finished-at="2024-11-24T18:41:02 EST" duration-ms="2529">
      <class name="GithubTests.Github_Tests">
        <test-method signature="TestCase3()[pri:0, instance:GithubTests.Github_Tests@6973b51b]" started-at="2024-11-24T18:41:00 EST" name="TestCase3" finished-at="2024-11-24T18:41:02 EST" duration-ms="2495" status="PASS">
          <reporter-output>
          </reporter-output>
        </test-method> <!-- TestCase3 -->
      </class> <!-- GithubTests.Github_Tests -->
    </test> <!-- Default test -->
  </suite> <!-- Default suite -->
</testng-results>
