<?xml version="1.0" encoding="UTF-8"?>
<testng-results ignored="7" total="8" passed="1" failed="0" skipped="0">
  <reporter-output>
  </reporter-output>
  <suite started-at="2024-12-03T14:54:29 EST" name="Default suite" finished-at="2024-12-03T14:54:34 EST" duration-ms="4257">
    <groups>
    </groups>
    <test started-at="2024-12-03T14:54:29 EST" name="Default test" finished-at="2024-12-03T14:54:34 EST" duration-ms="4257">
      <class name="GithubTests.Github_Tests">
        <test-method signature="TestCase1()[pri:0, instance:GithubTests.Github_Tests@6973b51b]" started-at="2024-12-03T14:54:29 EST" name="TestCase1" finished-at="2024-12-03T14:54:34 EST" duration-ms="4185" status="PASS">
          <reporter-output>
          </reporter-output>
        </test-method> <!-- TestCase1 -->
      </class> <!-- GithubTests.Github_Tests -->
    </test> <!-- Default test -->
  </suite> <!-- Default suite -->
</testng-results>
